#
# There is insufficient memory for the Java Runtime Environment to continue.
# Native memory allocation (mmap) failed to map 264241152 bytes for G1 virtual space
# Possible reasons:
#   The system is out of physical RAM or swap space
#   The process is running with CompressedOops enabled, and the Java Heap may be blocking the growth of the native heap
# Possible solutions:
#   Reduce memory load on the system
#   Increase physical memory or swap space
#   Check if swap backing store is full
#   Decrease Java heap size (-Xmx/-Xms)
#   Decrease number of Java threads
#   Decrease Java thread stack sizes (-Xss)
#   Set larger code cache with -XX:ReservedCodeCacheSize=
#   JVM is running with Zero Based Compressed Oops mode in which the Java heap is
#     placed in the first 32GB address space. The Java Heap base address is the
#     maximum limit for the native heap growth. Please use -XX:HeapBaseMinAddress
#     to set the Java Heap base and to place the Java Heap above 32GB virtual address.
# This output file may be truncated or incomplete.
#
#  Out of Memory Error (os_windows.cpp:3528), pid=12596, tid=34784
#
# JRE version:  (20.0+36) (build )
# Java VM: Java HotSpot(TM) 64-Bit Server VM (20+36-2344, mixed mode, sharing, tiered, compressed oops, compressed class ptrs, g1 gc, windows-amd64)
# No core dump will be written. Minidumps are not enabled by default on client versions of Windows
#

---------------  S U M M A R Y ------------

Command Line: -Dfile.encoding=UTF-8 --module-path=C:\Users\HITECH\eclipse-workspace\ProjectPhase1DS\bin;C:\Users\HITECH\Downloads\javafx-sdk-21.0.1\lib\javafx-swt.jar;C:\Users\HITECH\Downloads\javafx-sdk-21.0.1\lib\javafx.base.jar;C:\Users\HITECH\Downloads\javafx-sdk-21.0.1\lib\javafx.controls.jar;C:\Users\HITECH\Downloads\javafx-sdk-21.0.1\lib\javafx.fxml.jar;C:\Users\HITECH\Downloads\javafx-sdk-21.0.1\lib\javafx.graphics.jar;C:\Users\HITECH\Downloads\javafx-sdk-21.0.1\lib\javafx.media.jar;C:\Users\HITECH\Downloads\javafx-sdk-21.0.1\lib\javafx.swing.jar;C:\Users\HITECH\Downloads\javafx-sdk-21.0.1\lib\javafx.web.jar;C:\Users\HITECH\.p2\pool\plugins\org.eclipse.fx.ide.css.jfx8_3.8.0.202204150904.jar -XX:+ShowCodeDetailsInExceptionMessages -Djdk.module.main=ProjectPhase1DS ProjectPhase1DS/application.Main

Host: 11th Gen Intel(R) Core(TM) i5-1135G7 @ 2.40GHz, 8 cores, 15G,  Windows 11 , 64 bit Build 22621 (10.0.22621.3235)
Time: Fri Apr  5 12:33:50 2024 Arab Standard Time elapsed time: 0.046651 seconds (0d 0h 0m 0s)

---------------  T H R E A D  ---------------

Current thread (0x000002046b4ed7b0):  JavaThread "Unknown thread" [_thread_in_vm, id=34784, stack(0x0000009df1500000,0x0000009df1600000)]

Stack: [0x0000009df1500000,0x0000009df1600000]
Native frames: (J=compiled Java code, j=interpreted, Vv=VM code, C=native code)
V  [jvm.dll+0x6bb95a]
V  [jvm.dll+0x8483aa]
V  [jvm.dll+0x849fa5]
V  [jvm.dll+0x84a6a3]
V  [jvm.dll+0x280b0f]
V  [jvm.dll+0x6b86e9]
V  [jvm.dll+0x6ad2da]
V  [jvm.dll+0x35adf5]
V  [jvm.dll+0x363016]
V  [jvm.dll+0x3b3b3e]
V  [jvm.dll+0x3b3dc5]
V  [jvm.dll+0x32b50a]
V  [jvm.dll+0x32c32b]
V  [jvm.dll+0x81106f]
V  [jvm.dll+0x3c0d91]
V  [jvm.dll+0x7fcd93]
V  [jvm.dll+0x44c76f]
V  [jvm.dll+0x44e0e1]
C  [jli.dll+0x5287]
C  [ucrtbase.dll+0x29363]
C  [KERNEL32.DLL+0x1257d]
C  [ntdll.dll+0x5aa58]


---------------  P R O C E S S  ---------------

Threads class SMR info:
_java_thread_list=0x00007ffd38d8a098, length=0, elements={
}

Java Threads: ( => current thread )

Other Threads:
  0x000002046b560170 WorkerThread "GC Thread#0" [stack: 0x0000009df1600000,0x0000009df1700000] [id=10684]
  0x000002046b570c80 ConcurrentGCThread "G1 Main Marker" [stack: 0x0000009df1700000,0x0000009df1800000] [id=14880]
  0x000002046b5716b0 WorkerThread "G1 Conc#0" [stack: 0x0000009df1800000,0x0000009df1900000] [id=32944]

[error occurred during error reporting (printing all threads), id 0xc0000005, EXCEPTION_ACCESS_VIOLATION (0xc0000005) at pc=0x00007ffd3856eb47]
VM state: not at safepoint (not fully initialized)

VM Mutex/Monitor currently owned by a thread:  ([mutex/lock_event])
[0x000002046b4e9de0] Heap_lock - owner thread: 0x000002046b4ed7b0

Heap address: 0x0000000704000000, size: 4032 MB, Compressed Oops mode: Zero based, Oop shift amount: 3

CDS archive(s) mapped at: [0x0000000000000000-0x0000000000000000-0x0000000000000000), size 0, SharedBaseAddress: 0x0000000800000000, ArchiveRelocationMode: 0.
Narrow klass base: 0x0000000000000000, Narrow klass shift: 0, Narrow klass range: 0x0

GC Precious Log:
 CardTable entry size: 512
 Card Set container configuration: InlinePtr #cards 4 size 8 Array Of Cards #cards 16 size 48 Howl #buckets 8 coarsen threshold 3686 Howl Bitmap #cards 512 size 80 coarsen threshold 460 Card regions per heap region 1 cards per card region 4096

Heap:
 garbage-first heap   total 0K, used 0K [0x0000000704000000, 0x0000000800000000)
  region size 2048K, 0 young (0K), 0 survivors (0K)

[error occurred during error reporting (printing heap information), id 0xc0000005, EXCEPTION_ACCESS_VIOLATION (0xc0000005) at pc=0x00007ffd38943c59]
GC Heap History (0 events):
No events

Dll operation events (1 events):
Event: 0.027 Loaded shared library C:\Program Files\Java\jdk-20\bin\java.dll

Deoptimization events (0 events):
No events

Classes loaded (0 events):
No events

Classes unloaded (0 events):
No events

Classes redefined (0 events):
No events

Internal exceptions (0 events):
No events

VM Operations (0 events):
No events

Events (0 events):
No events


Dynamic libraries:
0x00007ff6a6ae0000 - 0x00007ff6a6af0000 	C:\Program Files\Java\jdk-20\bin\javaw.exe
0x00007ffdaff50000 - 0x00007ffdb0166000 	C:\WINDOWS\SYSTEM32\ntdll.dll
0x00007ffdae9e0000 - 0x00007ffdaeaa4000 	C:\WINDOWS\System32\KERNEL32.DLL
0x00007ffdad330000 - 0x00007ffdad6d6000 	C:\WINDOWS\System32\KERNELBASE.dll
0x00007ffdad850000 - 0x00007ffdad961000 	C:\WINDOWS\System32\ucrtbase.dll
0x00007ffd947b0000 - 0x00007ffd947c9000 	C:\Program Files\Java\jdk-20\bin\jli.dll
0x00007ffdaf240000 - 0x00007ffdaf2f2000 	C:\WINDOWS\System32\ADVAPI32.dll
0x00007ffdae610000 - 0x00007ffdae6b7000 	C:\WINDOWS\System32\msvcrt.dll
0x00007ffdaf110000 - 0x00007ffdaf1b8000 	C:\WINDOWS\System32\sechost.dll
0x00007ffdadb50000 - 0x00007ffdadb78000 	C:\WINDOWS\System32\bcrypt.dll
0x00007ffdae4f0000 - 0x00007ffdae605000 	C:\WINDOWS\System32\RPCRT4.dll
0x00007ffdadca0000 - 0x00007ffdade4d000 	C:\WINDOWS\System32\USER32.dll
0x00007ffdadb20000 - 0x00007ffdadb46000 	C:\WINDOWS\System32\win32u.dll
0x00007ffdae9b0000 - 0x00007ffdae9d9000 	C:\WINDOWS\System32\GDI32.dll
0x00007ffdadb80000 - 0x00007ffdadc98000 	C:\WINDOWS\System32\gdi32full.dll
0x00007ffdad290000 - 0x00007ffdad32a000 	C:\WINDOWS\System32\msvcp_win.dll
0x00007ffd76f20000 - 0x00007ffd76f3b000 	C:\Program Files\Java\jdk-20\bin\VCRUNTIME140.dll
0x00007ffd94170000 - 0x00007ffd94403000 	C:\WINDOWS\WinSxS\amd64_microsoft.windows.common-controls_6595b64144ccf1df_6.0.22621.3235_none_270f74e173860f98\COMCTL32.dll
0x00007ffda1f70000 - 0x00007ffda1f7a000 	C:\WINDOWS\SYSTEM32\VERSION.dll
0x00007ffdade50000 - 0x00007ffdade81000 	C:\WINDOWS\System32\IMM32.DLL
0x00007ffd9ef30000 - 0x00007ffd9ef3c000 	C:\Program Files\Java\jdk-20\bin\vcruntime140_1.dll
0x00007ffd6aaa0000 - 0x00007ffd6ab2e000 	C:\Program Files\Java\jdk-20\bin\msvcp140.dll
0x00007ffd38230000 - 0x00007ffd38ec7000 	C:\Program Files\Java\jdk-20\bin\server\jvm.dll
0x00007ffd9e950000 - 0x00007ffd9e959000 	C:\WINDOWS\SYSTEM32\WSOCK32.dll
0x00007ffda46d0000 - 0x00007ffda4704000 	C:\WINDOWS\SYSTEM32\WINMM.dll
0x00007ffdaf1c0000 - 0x00007ffdaf231000 	C:\WINDOWS\System32\WS2_32.dll
0x00007ffdac300000 - 0x00007ffdac318000 	C:\WINDOWS\SYSTEM32\kernel.appcore.dll
0x00007ffd99660000 - 0x00007ffd9966a000 	C:\Program Files\Java\jdk-20\bin\jimage.dll
0x00007ffdaab00000 - 0x00007ffdaad33000 	C:\WINDOWS\SYSTEM32\DBGHELP.DLL
0x00007ffdaed80000 - 0x00007ffdaf108000 	C:\WINDOWS\System32\combase.dll
0x00007ffdaf300000 - 0x00007ffdaf3d7000 	C:\WINDOWS\System32\OLEAUT32.dll
0x00007ffd85f70000 - 0x00007ffd85fa2000 	C:\WINDOWS\SYSTEM32\dbgcore.DLL
0x00007ffdad9e0000 - 0x00007ffdada5a000 	C:\WINDOWS\System32\bcryptPrimitives.dll
0x00007ffd767c0000 - 0x00007ffd767e6000 	C:\Program Files\Java\jdk-20\bin\java.dll

dbghelp: loaded successfully - version: 4.0.5 - missing functions: none
symbol engine: initialized successfully - sym options: 0x614 - pdb path: .;C:\Program Files\Java\jdk-20\bin;C:\WINDOWS\SYSTEM32;C:\WINDOWS\WinSxS\amd64_microsoft.windows.common-controls_6595b64144ccf1df_6.0.22621.3235_none_270f74e173860f98;C:\Program Files\Java\jdk-20\bin\server

VM Arguments:
jvm_args: -Dfile.encoding=UTF-8 --module-path=C:\Users\HITECH\eclipse-workspace\ProjectPhase1DS\bin;C:\Users\HITECH\Downloads\javafx-sdk-21.0.1\lib\javafx-swt.jar;C:\Users\HITECH\Downloads\javafx-sdk-21.0.1\lib\javafx.base.jar;C:\Users\HITECH\Downloads\javafx-sdk-21.0.1\lib\javafx.controls.jar;C:\Users\HITECH\Downloads\javafx-sdk-21.0.1\lib\javafx.fxml.jar;C:\Users\HITECH\Downloads\javafx-sdk-21.0.1\lib\javafx.graphics.jar;C:\Users\HITECH\Downloads\javafx-sdk-21.0.1\lib\javafx.media.jar;C:\Users\HITECH\Downloads\javafx-sdk-21.0.1\lib\javafx.swing.jar;C:\Users\HITECH\Downloads\javafx-sdk-21.0.1\lib\javafx.web.jar;C:\Users\HITECH\.p2\pool\plugins\org.eclipse.fx.ide.css.jfx8_3.8.0.202204150904.jar -XX:+ShowCodeDetailsInExceptionMessages -Djdk.module.main=ProjectPhase1DS 
java_command: ProjectPhase1DS/application.Main
java_class_path (initial): <not set>
Launcher Type: SUN_STANDARD

[Global flags]
     intx CICompilerCount                          = 4                                         {product} {ergonomic}
     uint ConcGCThreads                            = 2                                         {product} {ergonomic}
     uint G1ConcRefinementThreads                  = 8                                         {product} {ergonomic}
   size_t G1HeapRegionSize                         = 2097152                                   {product} {ergonomic}
    uintx GCDrainStackTargetSize                   = 64                                        {product} {ergonomic}
   size_t InitialHeapSize                          = 264241152                                 {product} {ergonomic}
   size_t MarkStackSize                            = 4194304                                   {product} {ergonomic}
   size_t MaxHeapSize                              = 4227858432                                {product} {ergonomic}
   size_t MinHeapDeltaBytes                        = 2097152                                   {product} {ergonomic}
   size_t MinHeapSize                              = 8388608                                   {product} {ergonomic}
    uintx NonNMethodCodeHeapSize                   = 5839372                                {pd product} {ergonomic}
    uintx NonProfiledCodeHeapSize                  = 122909434                              {pd product} {ergonomic}
    uintx ProfiledCodeHeapSize                     = 122909434                              {pd product} {ergonomic}
    uintx ReservedCodeCacheSize                    = 251658240                              {pd product} {ergonomic}
     bool SegmentedCodeCache                       = true                                      {product} {ergonomic}
     bool ShowCodeDetailsInExceptionMessages       = true                                   {manageable} {command line}
   size_t SoftMaxHeapSize                          = 4227858432                             {manageable} {ergonomic}
     bool UseCompressedClassPointers               = true                           {product lp64_product} {ergonomic}
     bool UseCompressedOops                        = true                           {product lp64_product} {ergonomic}
     bool UseG1GC                                  = true                                      {product} {ergonomic}
     bool UseLargePagesIndividualAllocation        = false                                  {pd product} {ergonomic}

Logging:
Log output configuration:
 #0: stdout all=warning uptime,level,tags foldmultilines=false
 #1: stderr all=off uptime,level,tags foldmultilines=false

Environment Variables:
JAVA_HOME=C:\Program Files\Java\jdk-14.0.2
PATH=C:\Program Files\Common Files\Oracle\Java\javapath;C:\WINDOWS\system32;C:\WINDOWS;C:\WINDOWS\System32\Wbem;C:\WINDOWS\System32\WindowsPowerShell\v1.0\;C:\WINDOWS\System32\OpenSSH\;C:\Program Files\Java\jdk-14.0.2\bin;c:\altera\90\quartus\bin;C:\Program Files\MySQL\MySQL Shell 8.0\bin\;C:\Users\HITECH\AppData\Local\Microsoft\WindowsApps;
USERNAME=HITECH
OS=Windows_NT
PROCESSOR_IDENTIFIER=Intel64 Family 6 Model 140 Stepping 1, GenuineIntel
TMP=C:\Users\HITECH\AppData\Local\Temp
TEMP=C:\Users\HITECH\AppData\Local\Temp




---------------  S Y S T E M  ---------------

OS:
 Windows 11 , 64 bit Build 22621 (10.0.22621.3235)
OS uptime: 1 days 16:40 hours
Hyper-V role detected

CPU: total 8 (initial active 8) (4 cores per cpu, 2 threads per core) family 6 model 140 stepping 1 microcode 0xac, cx8, cmov, fxsr, ht, mmx, 3dnowpref, sse, sse2, sse3, ssse3, sse4.1, sse4.2, popcnt, lzcnt, tsc, tscinvbit, avx, avx2, aes, erms, clmul, bmi1, bmi2, adx, avx512f, avx512dq, avx512cd, avx512bw, avx512vl, sha, fma, vzeroupper, avx512_vpopcntdq, avx512_vpclmulqdq, avx512_vaes, avx512_vnni, clflush, clflushopt, clwb, avx512_vbmi2, avx512_vbmi, hv, rdtscp, rdpid, fsrm, gfni, avx512_bitalg, f16c, cet_ibt, cet_ss, avx512_ifma

Memory: 4k page, system-wide physical 16124M (4168M free)
TotalPageFile size 47028M (AvailPageFile size 160M)
current process WorkingSet (physical memory assigned to process): 11M, peak: 11M
current process commit charge ("private bytes"): 60M, peak: 312M

vm_info: Java HotSpot(TM) 64-Bit Server VM (20+36-2344) for windows-amd64 JRE (20+36-2344), built on 2023-02-10T19:30:15Z by "mach5one" with MS VC++ 17.1 (VS2022)

END.
